<?xml version="1.0" encoding="UTF-8"?>
<coverage generated="1561726016846" clover="3.2.0">
  <project timestamp="1561726016847" name="All files">
    <metrics statements="31" coveredstatements="23" conditionals="39" coveredconditionals="20" methods="7" coveredmethods="6" elements="77" coveredelements="49" complexity="0" loc="31" ncloc="31" packages="1" files="1" classes="1">
      <file name="index.js" path="/Users/lihaibo/Desktop/checkType/src/index.js">
        <metrics statements="31" coveredstatements="23" conditionals="39" coveredconditionals="20" methods="7" coveredmethods="6"/>
        <line num="7" count="1" type="stmt"/>
        <line num="8" count="1" type="cond" truecount="3" falsecount="5"/>
        <line num="10" count="1" type="stmt"/>
        <line num="11" count="0" type="cond" truecount="0" falsecount="2"/>
        <line num="12" count="0" type="cond" truecount="0" falsecount="2"/>
        <line num="13" count="0" type="stmt"/>
        <line num="15" count="1" type="cond" truecount="3" falsecount="1"/>
        <line num="16" count="1" type="cond" truecount="4" falsecount="1"/>
        <line num="17" count="1" type="stmt"/>
        <line num="19" count="1" type="stmt"/>
        <line num="21" count="0" type="stmt"/>
        <line num="25" count="1" type="stmt"/>
        <line num="34" count="1" type="stmt"/>
        <line num="35" count="12" type="stmt"/>
        <line num="51" count="1" type="stmt"/>
        <line num="52" count="4" type="cond" truecount="3" falsecount="1"/>
        <line num="53" count="4" type="stmt"/>
        <line num="55" count="2" type="stmt"/>
        <line num="58" count="2" type="stmt"/>
        <line num="61" count="4" type="stmt"/>
        <line num="64" count="0" type="cond" truecount="0" falsecount="6"/>
        <line num="65" count="0" type="stmt"/>
        <line num="67" count="0" type="stmt"/>
        <line num="78" count="1" type="stmt"/>
        <line num="79" count="12" type="stmt"/>
        <line num="80" count="12" type="cond" truecount="2" falsecount="0"/>
        <line num="81" count="12" type="cond" truecount="3" falsecount="1"/>
        <line num="83" count="5" type="stmt"/>
        <line num="85" count="3" type="stmt"/>
        <line num="87" count="4" type="cond" truecount="2" falsecount="0"/>
        <line num="89" count="0" type="stmt"/>
      </file>
    </metrics>
  </project>
</coverage>
