TN:
SF:/Users/lihaibo/Desktop/checkType/src/index.js
FN:7,(anonymous_0)
FN:10,(anonymous_1)
FN:34,(anonymous_2)
FN:51,(anonymous_3)
FN:54,(anonymous_4)
FN:57,(anonymous_5)
FN:78,(anonymous_6)
FNF:7
FNH:6
FNDA:1,(anonymous_0)
FNDA:0,(anonymous_1)
FNDA:12,(anonymous_2)
FNDA:4,(anonymous_3)
FNDA:2,(anonymous_4)
FNDA:2,(anonymous_5)
FNDA:12,(anonymous_6)
DA:7,1
DA:8,1
DA:10,1
DA:11,0
DA:12,0
DA:13,0
DA:15,1
DA:16,1
DA:17,1
DA:19,1
DA:21,0
DA:25,1
DA:34,1
DA:35,12
DA:51,1
DA:52,4
DA:53,4
DA:55,2
DA:58,2
DA:61,4
DA:64,0
DA:65,0
DA:67,0
DA:78,1
DA:79,12
DA:80,12
DA:81,12
DA:83,5
DA:85,3
DA:87,4
DA:89,0
LF:31
LH:23
BRDA:8,0,0,1
BRDA:8,0,1,1
BRDA:8,0,2,1
BRDA:8,0,3,0
BRDA:8,0,4,0
BRDA:8,0,5,0
BRDA:8,0,6,0
BRDA:8,0,7,0
BRDA:11,1,0,0
BRDA:11,1,1,0
BRDA:12,2,0,0
BRDA:12,2,1,0
BRDA:15,3,0,1
BRDA:15,3,1,0
BRDA:15,4,0,1
BRDA:15,4,1,1
BRDA:16,5,0,1
BRDA:16,5,1,0
BRDA:16,6,0,1
BRDA:16,6,1,1
BRDA:16,6,2,1
BRDA:52,7,0,4
BRDA:52,7,1,0
BRDA:52,8,0,4
BRDA:52,8,1,2
BRDA:64,9,0,0
BRDA:64,9,1,0
BRDA:64,10,0,0
BRDA:64,10,1,0
BRDA:64,10,2,0
BRDA:64,10,3,0
BRDA:80,11,0,7
BRDA:80,11,1,5
BRDA:81,12,0,5
BRDA:81,12,1,3
BRDA:81,12,2,4
BRDA:81,12,3,0
BRDA:87,13,0,4
BRDA:87,13,1,4
BRF:39
BRH:20
end_of_record
